<?xml version="1.0" encoding="UTF-8"?>
<testng-results skipped="0" failed="0" ignored="0" total="1" passed="1">
  <reporter-output>
  </reporter-output>
  <suite name="Default suite" duration-ms="19165" started-at="2019-10-12T09:47:14Z" finished-at="2019-10-12T09:47:34Z">
    <groups>
    </groups>
    <test name="Default test" duration-ms="19165" started-at="2019-10-12T09:47:14Z" finished-at="2019-10-12T09:47:34Z">
      <class name="com.Acme.com.Acmesystems.AppTest">
        <test-method status="PASS" signature="testApp()[pri:0, instance:com.Acme.com.Acmesystems.AppTest@754ba872]" name="testApp" duration-ms="19083" started-at="2019-10-12T09:47:14Z" finished-at="2019-10-12T09:47:34Z">
          <reporter-output>
          </reporter-output>
        </test-method> <!-- testApp -->
      </class> <!-- com.Acme.com.Acmesystems.AppTest -->
    </test> <!-- Default test -->
  </suite> <!-- Default suite -->
</testng-results>
